<?xml version="1.0" encoding="UTF-8"?>
<testng-results total="1" passed="1" failed="0" skipped="0">
  <reporter-output>
  </reporter-output>
  <suite started-at="2018-05-17T17:11:40Z" name="Suite" finished-at="2018-05-17T17:11:57Z" duration-ms="17150">
    <groups>
    </groups>
    <test started-at="2018-05-17T17:11:40Z" name="Test" finished-at="2018-05-17T17:11:57Z" duration-ms="17150">
      <class name="linkedin.MessagingTest">
        <test-method is-config="true" signature="setup(java.lang.String, java.lang.String)[pri:0, instance:linkedin.MessagingTest@408d971b]" started-at="2018-05-17T21:11:40Z" name="setup" finished-at="2018-05-17T21:11:49Z" duration-ms="9425" status="PASS">
          <params>
            <param index="0">
              <value>
                <![CDATA[webdriver.chrome.driver]]>
              </value>
            </param>
            <param index="1">
              <value>
                <![CDATA[C:\Users\Nuard\Downloads\chromedriver.exe]]>
              </value>
            </param>
          </params>
          <reporter-output>
          </reporter-output>
        </test-method> <!-- setup -->
        <test-method signature="messagingWindowTest()[pri:0, instance:linkedin.MessagingTest@408d971b]" started-at="2018-05-17T21:11:49Z" name="messagingWindowTest" finished-at="2018-05-17T21:11:55Z" duration-ms="6132" status="PASS">
          <reporter-output>
          </reporter-output>
        </test-method> <!-- messagingWindowTest -->
        <test-method is-config="true" signature="tearDown()[pri:0, instance:linkedin.MessagingTest@408d971b]" started-at="2018-05-17T21:11:55Z" name="tearDown" finished-at="2018-05-17T21:11:57Z" duration-ms="1585" status="PASS">
          <reporter-output>
          </reporter-output>
        </test-method> <!-- tearDown -->
      </class> <!-- linkedin.MessagingTest -->
    </test> <!-- Test -->
  </suite> <!-- Suite -->
</testng-results>
