<?xml version="1.0" encoding="UTF-8"?>
<testng-results total="2" passed="2" failed="0" skipped="0">
  <reporter-output>
  </reporter-output>
  <suite started-at="2018-05-15T08:11:25Z" name="Suite" finished-at="2018-05-15T08:11:54Z" duration-ms="28392">
    <groups>
    </groups>
    <test started-at="2018-05-15T08:11:25Z" name="Test" finished-at="2018-05-15T08:11:54Z" duration-ms="28392">
      <class name="linkedin.LinkedInTest">
        <test-method is-config="true" signature="setupClass()[pri:0, instance:linkedin.LinkedInTest@54d9d12d]" started-at="2018-05-15T12:11:25Z" name="setupClass" finished-at="2018-05-15T12:11:27Z" duration-ms="1563" status="PASS">
          <reporter-output>
          </reporter-output>
        </test-method> <!-- setupClass -->
        <test-method is-config="true" signature="setupTest()[pri:0, instance:linkedin.LinkedInTest@54d9d12d]" started-at="2018-05-15T12:11:27Z" name="setupTest" finished-at="2018-05-15T12:11:33Z" duration-ms="6361" status="PASS">
          <reporter-output>
          </reporter-output>
        </test-method> <!-- setupTest -->
        <test-method signature="loginPageTest()[pri:0, instance:linkedin.LinkedInTest@54d9d12d]" started-at="2018-05-15T12:11:33Z" name="loginPageTest" finished-at="2018-05-15T12:11:46Z" duration-ms="12525" status="PASS">
          <reporter-output>
          </reporter-output>
        </test-method> <!-- loginPageTest -->
        <test-method signature="navBarTest()[pri:0, instance:linkedin.LinkedInTest@54d9d12d]" started-at="2018-05-15T12:11:46Z" name="navBarTest" finished-at="2018-05-15T12:11:52Z" duration-ms="6617" status="PASS">
          <reporter-output>
          </reporter-output>
        </test-method> <!-- navBarTest -->
        <test-method is-config="true" signature="tearDown()[pri:0, instance:linkedin.LinkedInTest@54d9d12d]" started-at="2018-05-15T12:11:52Z" name="tearDown" finished-at="2018-05-15T12:11:54Z" duration-ms="1316" status="PASS">
          <reporter-output>
          </reporter-output>
        </test-method> <!-- tearDown -->
      </class> <!-- linkedin.LinkedInTest -->
    </test> <!-- Test -->
  </suite> <!-- Suite -->
</testng-results>
